<?xml version="1.0" encoding="UTF-8"?>
<testsuite name="endToEndIntegrationTests.EndToEndBlogPostTest" tests="1" skipped="0" failures="0" errors="0" timestamp="2023-01-11T07:16:50" hostname="Rupjits-MacBook-Pro.local" time="3.08">
  <properties/>
  <testcase name="shouldCreateGetAndDeleteBlogPost" classname="endToEndIntegrationTests.EndToEndBlogPostTest" time="3.08"/>
  <system-out><![CDATA[HTTP/1.1 200 OK
Connection: keep-alive
Content-Length: 359
Access-Control-Allow-Origin: *
Cache-Control: private
Content-Type: application/json; charset=utf-8
Etag: W/"167-f341kOOlR4ZsX5YFfqbE622FAl4"
Function-Execution-Id: 94brm8mz1bxr
Server: Google Frontend
Strict-Transport-Security: max-age=31556926
X-Cloud-Trace-Context: 08040ae5a5c7107ac5484ffc161781d1
X-Country-Code: IN
Accept-Ranges: bytes
Date: Wed, 11 Jan 2023 07:16:52 GMT
X-Served-By: cache-maa10245-MAA
X-Cache: MISS
X-Cache-Hits: 0
X-Timer: S1673421412.231541,VS0,VE308
Vary: cookie,need-authorization, x-fh-requested-host, accept-encoding
alt-svc: h3=":443";ma=86400,h3-29=":443";ma=86400,h3-27=":443";ma=86400

{
    "id": "63be6264cb13a8d42f38d00b",
    "image": "https: //t4.ftcdn.net/jpg/03/03/62/45/240_F_303624505_u0bFT1Rnoj8CMUSs8wMCwoKlnWlh5Jiq.jpg",
    "likes": 0,
    "link": "",
    "tags": [
        "#new"
    ],
    "text": "this is new post",
    "publishDate": "2023-01-11T07:16:52.408Z",
    "updatedDate": "2023-01-11T07:16:52.408Z",
    "owner": {
        "id": "63be48b5d1eb2dba0c55e2b2",
        "firstName": "Rupjit",
        "lastName": "bose"
    }
}
{
    "id": "63be6264cb13a8d42f38d00b",
    "image": "https: //t4.ftcdn.net/jpg/03/03/62/45/240_F_303624505_u0bFT1Rnoj8CMUSs8wMCwoKlnWlh5Jiq.jpg",
    "likes": 0,
    "link": "",
    "tags": [
        "#new"
    ],
    "text": "this is new post",
    "publishDate": "2023-01-11T07:16:52.408Z",
    "updatedDate": "2023-01-11T07:16:52.408Z",
    "owner": {
        "id": "63be48b5d1eb2dba0c55e2b2",
        "firstName": "Rupjit",
        "lastName": "bose"
    }
}
{
    "id": "63be6264cb13a8d42f38d00b"
}
{
    "error": "RESOURCE_NOT_FOUND"
}
]]></system-out>
  <system-err><![CDATA[]]></system-err>
</testsuite>
